<?xml version="1.0" encoding="UTF-8"?>
<testng-results ignored="0" total="1" passed="1" failed="0" skipped="0">
  <reporter-output>
  </reporter-output>
  <suite started-at="2023-04-14T12:42:05 IST" name="Default suite" finished-at="2023-04-14T12:42:05 IST" duration-ms="43">
    <groups>
    </groups>
    <test started-at="2023-04-14T12:42:05 IST" name="Default test" finished-at="2023-04-14T12:42:05 IST" duration-ms="43">
      <class name="Sample.tes.Sample">
        <test-method signature="sample1()[pri:0, instance:Sample.tes.Sample@159f197]" started-at="2023-04-14T12:42:05 IST" name="sample1" finished-at="2023-04-14T12:42:05 IST" duration-ms="12" status="PASS">
          <reporter-output>
          </reporter-output>
        </test-method> <!-- sample1 -->
      </class> <!-- Sample.tes.Sample -->
    </test> <!-- Default test -->
  </suite> <!-- Default suite -->
</testng-results>
